TpTrace Verbose: 0 : 9368, 1, 2023/11/09, 11:00:40.841, 1785159148092, testhost.dll, Version: 17.5.0 Current process architecture: X64
TpTrace Verbose: 0 : 9368, 1, 2023/11/09, 11:00:40.843, 1785159167810, testhost.dll, Runtime location: C:\Program Files\dotnet\shared\Microsoft.NETCore.App\6.0.24
TpTrace Information: 0 : 9368, 1, 2023/11/09, 11:00:40.844, 1785159185946, testhost.dll, DefaultEngineInvoker.Invoke: Testhost process started with args :[--port, 62198],[--endpoint, 127.0.0.1:062198],[--role, client],[--parentprocessid, 15712],[--diag, C:\Dev\.Net Assigments\Assignment5Test\bin\Debug\net6.0\fine-code-coverage\coverage-tool-output\diagnostics.host.23-11-09_11-00-40_74315_5.log],[--tracelevel, 4],[--datacollectionport, 62197],[--telemetryoptedin, false]
TpTrace Information: 0 : 9368, 1, 2023/11/09, 11:00:40.853, 1785159270960, testhost.dll, Setting up debug trace listener.
TpTrace Verbose: 0 : 9368, 1, 2023/11/09, 11:00:40.853, 1785159272364, testhost.dll, TestPlatformTraceListener.Setup: Replacing listener System.Diagnostics.DefaultTraceListener with TestHostTraceListener.
TpTrace Verbose: 0 : 9368, 1, 2023/11/09, 11:00:40.853, 1785159272642, testhost.dll, TestPlatformTraceListener.Setup: Added test platform trace listener.
TpTrace Information: 0 : 9368, 1, 2023/11/09, 11:00:40.853, 1785159274440, testhost.dll, DefaultEngineInvoker.SetParentProcessExitCallback: Monitoring parent process with id: '15712'
TpTrace Information: 0 : 9368, 1, 2023/11/09, 11:00:40.856, 1785159302457, testhost.dll, DefaultEngineInvoker.GetConnectionInfo: Initialize communication on endpoint address: '127.0.0.1:062198'
TpTrace Information: 0 : 9368, 1, 2023/11/09, 11:00:40.862, 1785159361986, testhost.dll, SocketClient.Start: connecting to server endpoint: 127.0.0.1:062198
TpTrace Information: 0 : 9368, 1, 2023/11/09, 11:00:40.867, 1785159411988, testhost.dll, DefaultEngineInvoker.ConnectToDatacollector: Connecting to datacollector, port: 62197
TpTrace Information: 0 : 9368, 10, 2023/11/09, 11:00:40.868, 1785159420954, testhost.dll, SocketClient.OnServerConnected: connected to server endpoint: 127.0.0.1:062198
TpTrace Information: 0 : 9368, 1, 2023/11/09, 11:00:40.870, 1785159438292, testhost.dll, Trying to connect to server on socket : 127.0.0.1:62197 
TpTrace Verbose: 0 : 9368, 1, 2023/11/09, 11:00:40.870, 1785159440351, testhost.dll, SocketCommunicationManager : SetupClientAsync : Attempting to connect to the server.
TpTrace Verbose: 0 : 9368, 10, 2023/11/09, 11:00:40.870, 1785159442651, testhost.dll, MulticastDelegateUtilities.SafeInvoke: SocketClient: ServerConnected: Invoking callback 1/1 for Microsoft.VisualStudio.TestPlatform.CommunicationUtilities.TestRequestHandler., took 0 ms.
TpTrace Verbose: 0 : 9368, 10, 2023/11/09, 11:00:40.870, 1785159443044, testhost.dll, Connected to server, and starting MessageLoopAsync
TpTrace Information: 0 : 9368, 10, 2023/11/09, 11:00:40.871, 1785159449760, testhost.dll, Connected to the server successfully 
TpTrace Information: 0 : 9368, 10, 2023/11/09, 11:00:40.871, 1785159450218, testhost.dll, Using the buffer size of 16384 bytes
TpTrace Verbose: 0 : 9368, 1, 2023/11/09, 11:00:40.871, 1785159451459, testhost.dll, SocketCommunicationManager.WaitForServerConnection took: 0 ms, with 90000 ms timeout, and finished with True.
TpTrace Information: 0 : 9368, 1, 2023/11/09, 11:00:40.871, 1785159452187, testhost.dll, DefaultEngineInvoker.Invoke: Start Request Processing.
TpTrace Information: 0 : 9368, 12, 2023/11/09, 11:00:40.871, 1785159456435, testhost.dll, DefaultEngineInvoker.StartProcessingAsync: Connected to vstest.console, Starting process requests.
TpTrace Verbose: 0 : 9368, 9, 2023/11/09, 11:00:40.872, 1785159466268, testhost.dll, TcpClientExtensions.MessageLoopAsync: Polling on remoteEndPoint: [::ffff:127.0.0.1]:62198 localEndPoint: [::ffff:127.0.0.1]:62199
TpTrace Verbose: 0 : 9368, 9, 2023/11/09, 11:00:40.873, 1785159468507, testhost.dll, TcpClientExtensions.MessageLoopAsync: NotifyDataAvailable remoteEndPoint: [::ffff:127.0.0.1]:62198 localEndPoint: [::ffff:127.0.0.1]:62199
TpTrace Information: 0 : 9368, 9, 2023/11/09, 11:00:40.876, 1785159497075, testhost.dll, TestRequestHandler.OnMessageReceived: received message: (ProtocolVersion) -> {"MessageType":"ProtocolVersion","Payload":7}
TpTrace Verbose: 0 : 9368, 9, 2023/11/09, 11:00:40.986, 1785160601563, testhost.dll, TestRequestHandler.SendData: sending data from testhost: {"Version":7,"MessageType":"TestSession.Message","Payload":{"MessageLevel":0,"Message":"Logging TestHost Diagnostics in file: C:\\Dev\\.Net Assigments\\Assignment5Test\\bin\\Debug\\net6.0\\fine-code-coverage\\coverage-tool-output\\diagnostics.host.23-11-09_11-00-40_74315_5.log"}}
TpTrace Verbose: 0 : 9368, 9, 2023/11/09, 11:00:40.986, 1785160602779, testhost.dll, MulticastDelegateUtilities.SafeInvoke: LengthPrefixCommunicationChannel: MessageReceived: Invoking callback 1/1 for Microsoft.VisualStudio.TestPlatform.CommunicationUtilities.TestRequestHandler., took 112 ms.
TpTrace Verbose: 0 : 9368, 9, 2023/11/09, 11:00:40.986, 1785160603100, testhost.dll, TcpClientExtensions.MessageLoopAsync: Polling on remoteEndPoint: [::ffff:127.0.0.1]:62198 localEndPoint: [::ffff:127.0.0.1]:62199
TpTrace Verbose: 0 : 9368, 9, 2023/11/09, 11:00:40.986, 1785160603372, testhost.dll, TcpClientExtensions.MessageLoopAsync: NotifyDataAvailable remoteEndPoint: [::ffff:127.0.0.1]:62198 localEndPoint: [::ffff:127.0.0.1]:62199
TpTrace Information: 0 : 9368, 9, 2023/11/09, 11:00:40.986, 1785160603886, testhost.dll, TestRequestHandler.OnMessageReceived: received message: (TestExecution.Initialize) -> {"Version":7,"MessageType":"TestExecution.Initialize","Payload":["C:\\Dev\\.Net Assigments\\Assignment5Test\\bin\\Debug\\net6.0\\fine-code-coverage\\build-output\\xunit.runner.visualstudio.dotnetcore.testadapter.dll"]}
TpTrace Verbose: 0 : 9368, 9, 2023/11/09, 11:00:40.993, 1785160674539, testhost.dll, MulticastDelegateUtilities.SafeInvoke: LengthPrefixCommunicationChannel: MessageReceived: Invoking callback 1/1 for Microsoft.VisualStudio.TestPlatform.CommunicationUtilities.TestRequestHandler., took 7 ms.
TpTrace Verbose: 0 : 9368, 9, 2023/11/09, 11:00:40.993, 1785160675992, testhost.dll, TcpClientExtensions.MessageLoopAsync: Polling on remoteEndPoint: [::ffff:127.0.0.1]:62198 localEndPoint: [::ffff:127.0.0.1]:62199
TpTrace Information: 0 : 9368, 4, 2023/11/09, 11:00:40.994, 1785160679278, testhost.dll, TestRequestHandler.OnMessageReceived: Running job 'TestExecution.Initialize'.
TpTrace Verbose: 0 : 9368, 4, 2023/11/09, 11:00:40.996, 1785160697331, testhost.dll, TestExecutorService: Loading the extensions
TpTrace Verbose: 0 : 9368, 9, 2023/11/09, 11:00:40.996, 1785160698530, testhost.dll, TcpClientExtensions.MessageLoopAsync: NotifyDataAvailable remoteEndPoint: [::ffff:127.0.0.1]:62198 localEndPoint: [::ffff:127.0.0.1]:62199
TpTrace Information: 0 : 9368, 9, 2023/11/09, 11:00:40.996, 1785160699423, testhost.dll, TestRequestHandler.OnMessageReceived: received message: (TestExecution.StartWithSources) -> {"Version":7,"MessageType":"TestExecution.StartWithSources","Payload":{"AdapterSourceMap":{"_none_":["C:\\Dev\\.Net Assigments\\Assignment5Test\\bin\\Debug\\net6.0\\fine-code-coverage\\build-output\\Assignment5Test.dll"]},"RunSettings":"<RunSettings>\r\n  <RunConfiguration>\r\n    <ResultsDirectory>C:\\Dev\\.Net Assigments\\Assignment5Test\\bin\\Debug\\net6.0\\fine-code-coverage\\coverage-tool-output</ResultsDirectory>\r\n    <TargetFrameworkVersion>.NETCoreApp,Version=v6.0</TargetFrameworkVersion>\r\n    <DesignMode>False</DesignMode>\r\n    <CollectSourceInformation>False</CollectSourceInformation>\r\n  </RunConfiguration>\r\n  <LoggerRunSettings>\r\n    <Loggers>\r\n      <Logger friendlyName=\"blame\" enabled=\"True\" />\r\n      <Logger friendlyName=\"Console\" uri=\"logger://microsoft/TestPlatform/ConsoleLogger/v1\" assemblyQualifiedName=\"Microsoft.VisualStudio.TestPlatform.CommandLine.Internal.ConsoleLogger, vstest.console, Version=15.0.0.0, Culture=neutral, PublicKeyToken=b03f5f7f11d50a3a\" codeBase=\"C:\\Program Files\\dotnet\\sdk\\7.0.403\\vstest.console.dll\" enabled=\"True\" />\r\n    </Loggers>\r\n  </LoggerRunSettings>\r\n  <DataCollectionRunSettings>\r\n    <DataCollectors>\r\n      <DataCollector friendlyName=\"blame\" enabled=\"True\">\r\n        <Configuration>\r\n          <ResultsDirectory>C:\\Dev\\.Net Assigments\\Assignment5Test\\bin\\Debug\\net6.0\\fine-code-coverage\\coverage-tool-output</ResultsDirectory>\r\n        </Configuration>\r\n      </DataCollector>\r\n    </DataCollectors>\r\n  </DataCollectionRunSettings>\r\n</RunSettings>","TestExecutionContext":{"FrequencyOfRunStatsChangeEvent":10,"RunStatsChangeEventTimeout":"00:00:01.5000000","InIsolation":false,"KeepAlive":false,"AreTestCaseLevelEventsRequired":false,"IsDebug":false,"TestCaseFilter":null,"FilterOptions":null},"Package":null}}
TpTrace Verbose: 0 : 9368, 4, 2023/11/09, 11:00:40.997, 1785160712558, testhost.dll, TestPluginCache.DiscoverTestExtensions: finding test extensions in assemblies ends with: TestAdapter.dll TPluginInfo: Microsoft.VisualStudio.TestPlatform.Common.ExtensionFramework.Utilities.TestExecutorPluginInformation TExtension: Microsoft.VisualStudio.TestPlatform.ObjectModel.Adapter.ITestExecutor
TpTrace Verbose: 0 : 9368, 4, 2023/11/09, 11:00:40.998, 1785160724118, testhost.dll, TestPluginCache.GetExtensionPaths: Filtered extension paths: 
TpTrace Verbose: 0 : 9368, 4, 2023/11/09, 11:00:40.999, 1785160727034, testhost.dll, TestPluginCache.GetExtensionPaths: Added default extension paths: C:\Dev\.Net Assigments\Assignment5Test\bin\Debug\net6.0\fine-code-coverage\build-output\xunit.runner.visualstudio.dotnetcore.testadapter.dll
TpTrace Verbose: 0 : 9368, 4, 2023/11/09, 11:00:40.999, 1785160727410, testhost.dll, TestPluginCache.GetExtensionPaths: Added unfilterableExtensionPaths: 
TpTrace Information: 0 : 9368, 4, 2023/11/09, 11:00:41.000, 1785160737708, testhost.dll, AssemblyResolver.ctor: Creating AssemblyResolver with searchDirectories C:\Dev\.Net Assigments\Assignment5Test\bin\Debug\net6.0\fine-code-coverage\build-output
TpTrace Verbose: 0 : 9368, 4, 2023/11/09, 11:00:41.001, 1785160747760, testhost.dll, TestPluginCache.DiscoverTestExtensions: Discovering the extensions using extension path.
TpTrace Verbose: 0 : 9368, 4, 2023/11/09, 11:00:41.001, 1785160748670, testhost.dll, TestPluginCache.GetExtensionPaths: Filtered extension paths: 
TpTrace Verbose: 0 : 9368, 4, 2023/11/09, 11:00:41.001, 1785160748967, testhost.dll, TestPluginCache.GetExtensionPaths: Added default extension paths: C:\Dev\.Net Assigments\Assignment5Test\bin\Debug\net6.0\fine-code-coverage\build-output\xunit.runner.visualstudio.dotnetcore.testadapter.dll
TpTrace Verbose: 0 : 9368, 4, 2023/11/09, 11:00:41.001, 1785160749170, testhost.dll, TestPluginCache.GetExtensionPaths: Added unfilterableExtensionPaths: 
TpTrace Verbose: 0 : 9368, 4, 2023/11/09, 11:00:41.001, 1785160749535, testhost.dll, TestPluginCache.DiscoverTestExtensions: Discovering the extensions using allExtensionPaths: C:\Dev\.Net Assigments\Assignment5Test\bin\Debug\net6.0\fine-code-coverage\build-output\xunit.runner.visualstudio.dotnetcore.testadapter.dll
TpTrace Information: 0 : 9368, 4, 2023/11/09, 11:00:41.001, 1785160755624, testhost.dll, AssemblyResolver.AddSearchDirectories: Adding more searchDirectories C:\Dev\.Net Assigments\Assignment5Test\bin\Debug\net6.0\fine-code-coverage\build-output
TpTrace Information: 0 : 9368, 4, 2023/11/09, 11:00:41.005, 1785160795875, testhost.dll, AssemblyResolver.OnResolve: xunit.runner.visualstudio.dotnetcore.testadapter: Resolving assembly.
TpTrace Information: 0 : 9368, 4, 2023/11/09, 11:00:41.006, 1785160796729, testhost.dll, AssemblyResolver.OnResolve: xunit.runner.visualstudio.dotnetcore.testadapter: Searching in: 'C:\Dev\.Net Assigments\Assignment5Test\bin\Debug\net6.0\fine-code-coverage\build-output'.
TpTrace Information: 0 : 9368, 4, 2023/11/09, 11:00:41.006, 1785160804562, testhost.dll, AssemblyResolver.OnResolve: xunit.runner.visualstudio.dotnetcore.testadapter: Loading assembly 'C:\Dev\.Net Assigments\Assignment5Test\bin\Debug\net6.0\fine-code-coverage\build-output\xunit.runner.visualstudio.dotnetcore.testadapter.dll'.
TpTrace Information: 0 : 9368, 4, 2023/11/09, 11:00:41.007, 1785160808595, testhost.dll, AssemblyResolver.OnResolve: Resolved assembly: xunit.runner.visualstudio.dotnetcore.testadapter, from path: C:\Dev\.Net Assigments\Assignment5Test\bin\Debug\net6.0\fine-code-coverage\build-output\xunit.runner.visualstudio.dotnetcore.testadapter.dll
TpTrace Verbose: 0 : 9368, 9, 2023/11/09, 11:00:41.019, 1785160926527, testhost.dll, MulticastDelegateUtilities.SafeInvoke: LengthPrefixCommunicationChannel: MessageReceived: Invoking callback 1/1 for Microsoft.VisualStudio.TestPlatform.CommunicationUtilities.TestRequestHandler., took 22 ms.
TpTrace Verbose: 0 : 9368, 9, 2023/11/09, 11:00:41.019, 1785160927307, testhost.dll, TcpClientExtensions.MessageLoopAsync: Polling on remoteEndPoint: [::ffff:127.0.0.1]:62198 localEndPoint: [::ffff:127.0.0.1]:62199
TpTrace Verbose: 0 : 9368, 4, 2023/11/09, 11:00:41.028, 1785161019104, testhost.dll, MetadataReaderExtensionsHelper: Discovering extensions inside assembly 'xunit.runner.visualstudio.dotnetcore.testadapter, Version=2.4.0.0, Culture=neutral, PublicKeyToken=8d05b1bb7a6fdb6c' file path 'C:\Dev\.Net Assigments\Assignment5Test\bin\Debug\net6.0\fine-code-coverage\build-output\xunit.runner.visualstudio.dotnetcore.testadapter.dll'
TpTrace Information: 0 : 9368, 4, 2023/11/09, 11:00:41.034, 1785161079143, testhost.dll, AssemblyResolver.OnResolve: xunit.runner.utility.netcoreapp10: Resolving assembly.
TpTrace Information: 0 : 9368, 4, 2023/11/09, 11:00:41.034, 1785161079830, testhost.dll, AssemblyResolver.OnResolve: xunit.runner.utility.netcoreapp10: Searching in: 'C:\Dev\.Net Assigments\Assignment5Test\bin\Debug\net6.0\fine-code-coverage\build-output'.
TpTrace Information: 0 : 9368, 4, 2023/11/09, 11:00:41.034, 1785161081348, testhost.dll, AssemblyResolver.OnResolve: xunit.runner.utility.netcoreapp10: Loading assembly 'C:\Dev\.Net Assigments\Assignment5Test\bin\Debug\net6.0\fine-code-coverage\build-output\xunit.runner.utility.netcoreapp10.dll'.
TpTrace Information: 0 : 9368, 4, 2023/11/09, 11:00:41.034, 1785161084160, testhost.dll, AssemblyResolver.OnResolve: Resolved assembly: xunit.runner.utility.netcoreapp10, from path: C:\Dev\.Net Assigments\Assignment5Test\bin\Debug\net6.0\fine-code-coverage\build-output\xunit.runner.utility.netcoreapp10.dll
TpTrace Information: 0 : 9368, 4, 2023/11/09, 11:00:41.036, 1785161102465, testhost.dll, GetTestExtensionFromType: Register extension with identifier data 'executor://xunit/VsTestRunner2/netcoreapp' and type 'Xunit.Runner.VisualStudio.VsTestRunner, xunit.runner.visualstudio.dotnetcore.testadapter, Version=2.4.0.0, Culture=neutral, PublicKeyToken=8d05b1bb7a6fdb6c' inside file 'C:\Dev\.Net Assigments\Assignment5Test\bin\Debug\net6.0\fine-code-coverage\build-output\xunit.runner.visualstudio.dotnetcore.testadapter.dll'
TpTrace Verbose: 0 : 9368, 4, 2023/11/09, 11:00:41.038, 1785161122881, testhost.dll, TestPluginCache: Discovered the extensions using extension path ''.
TpTrace Verbose: 0 : 9368, 4, 2023/11/09, 11:00:41.039, 1785161127721, testhost.dll, TestPluginCache: Discoverers are ''.
TpTrace Verbose: 0 : 9368, 4, 2023/11/09, 11:00:41.039, 1785161128476, testhost.dll, TestPluginCache: Executors are 'executor://xunit/VsTestRunner2/netcoreapp'.
TpTrace Verbose: 0 : 9368, 4, 2023/11/09, 11:00:41.039, 1785161129167, testhost.dll, TestPluginCache: Executors2 are ''.
TpTrace Verbose: 0 : 9368, 4, 2023/11/09, 11:00:41.039, 1785161129550, testhost.dll, TestPluginCache: Setting providers are ''.
TpTrace Verbose: 0 : 9368, 4, 2023/11/09, 11:00:41.039, 1785161129961, testhost.dll, TestPluginCache: Loggers are ''.
TpTrace Verbose: 0 : 9368, 4, 2023/11/09, 11:00:41.039, 1785161130322, testhost.dll, TestPluginCache: TestHosts are ''.
TpTrace Verbose: 0 : 9368, 4, 2023/11/09, 11:00:41.039, 1785161130674, testhost.dll, TestPluginCache: DataCollectors are ''.
TpTrace Verbose: 0 : 9368, 4, 2023/11/09, 11:00:41.041, 1785161152386, testhost.dll, TestPluginCache.DiscoverTestExtensions: finding test extensions in assemblies ends with: TestAdapter.dll TPluginInfo: Microsoft.VisualStudio.TestPlatform.Common.ExtensionFramework.Utilities.TestExecutorPluginInformation2 TExtension: Microsoft.VisualStudio.TestPlatform.ObjectModel.Adapter.ITestExecutor2
TpTrace Verbose: 0 : 9368, 4, 2023/11/09, 11:00:41.041, 1785161154642, testhost.dll, TestPluginCache.GetExtensionPaths: Filtered extension paths: 
TpTrace Verbose: 0 : 9368, 4, 2023/11/09, 11:00:41.041, 1785161154968, testhost.dll, TestPluginCache.GetExtensionPaths: Added default extension paths: C:\Dev\.Net Assigments\Assignment5Test\bin\Debug\net6.0\fine-code-coverage\build-output\xunit.runner.visualstudio.dotnetcore.testadapter.dll
TpTrace Verbose: 0 : 9368, 4, 2023/11/09, 11:00:41.041, 1785161155169, testhost.dll, TestPluginCache.GetExtensionPaths: Added unfilterableExtensionPaths: 
TpTrace Information: 0 : 9368, 4, 2023/11/09, 11:00:41.041, 1785161156394, testhost.dll, AssemblyResolver.AddSearchDirectories: Adding more searchDirectories C:\Dev\.Net Assigments\Assignment5Test\bin\Debug\net6.0\fine-code-coverage\build-output
TpTrace Verbose: 0 : 9368, 4, 2023/11/09, 11:00:41.042, 1785161156697, testhost.dll, TestPluginCache.DiscoverTestExtensions: Discovering the extensions using extension path.
TpTrace Verbose: 0 : 9368, 4, 2023/11/09, 11:00:41.042, 1785161156898, testhost.dll, TestPluginCache.GetExtensionPaths: Filtered extension paths: 
TpTrace Verbose: 0 : 9368, 4, 2023/11/09, 11:00:41.042, 1785161157066, testhost.dll, TestPluginCache.GetExtensionPaths: Added default extension paths: C:\Dev\.Net Assigments\Assignment5Test\bin\Debug\net6.0\fine-code-coverage\build-output\xunit.runner.visualstudio.dotnetcore.testadapter.dll
TpTrace Verbose: 0 : 9368, 4, 2023/11/09, 11:00:41.042, 1785161157235, testhost.dll, TestPluginCache.GetExtensionPaths: Added unfilterableExtensionPaths: 
TpTrace Verbose: 0 : 9368, 4, 2023/11/09, 11:00:41.042, 1785161157475, testhost.dll, TestPluginCache.DiscoverTestExtensions: Discovering the extensions using allExtensionPaths: C:\Dev\.Net Assigments\Assignment5Test\bin\Debug\net6.0\fine-code-coverage\build-output\xunit.runner.visualstudio.dotnetcore.testadapter.dll
TpTrace Information: 0 : 9368, 4, 2023/11/09, 11:00:41.042, 1785161157759, testhost.dll, AssemblyResolver.AddSearchDirectories: Adding more searchDirectories C:\Dev\.Net Assigments\Assignment5Test\bin\Debug\net6.0\fine-code-coverage\build-output
TpTrace Verbose: 0 : 9368, 4, 2023/11/09, 11:00:41.042, 1785161158223, testhost.dll, MetadataReaderExtensionsHelper: Discovering extensions inside assembly 'xunit.runner.visualstudio.dotnetcore.testadapter, Version=2.4.0.0, Culture=neutral, PublicKeyToken=8d05b1bb7a6fdb6c' file path 'C:\Dev\.Net Assigments\Assignment5Test\bin\Debug\net6.0\fine-code-coverage\build-output\xunit.runner.visualstudio.dotnetcore.testadapter.dll'
TpTrace Verbose: 0 : 9368, 4, 2023/11/09, 11:00:41.042, 1785161162153, testhost.dll, TestPluginCache: Discovered the extensions using extension path ''.
TpTrace Verbose: 0 : 9368, 4, 2023/11/09, 11:00:41.042, 1785161162451, testhost.dll, TestPluginCache: Discoverers are ''.
TpTrace Verbose: 0 : 9368, 4, 2023/11/09, 11:00:41.042, 1785161162683, testhost.dll, TestPluginCache: Executors are 'executor://xunit/VsTestRunner2/netcoreapp'.
TpTrace Verbose: 0 : 9368, 4, 2023/11/09, 11:00:41.042, 1785161163064, testhost.dll, TestPluginCache: Executors2 are ''.
TpTrace Verbose: 0 : 9368, 4, 2023/11/09, 11:00:41.042, 1785161163271, testhost.dll, TestPluginCache: Setting providers are ''.
TpTrace Verbose: 0 : 9368, 4, 2023/11/09, 11:00:41.042, 1785161163431, testhost.dll, TestPluginCache: Loggers are ''.
TpTrace Verbose: 0 : 9368, 4, 2023/11/09, 11:00:41.042, 1785161163585, testhost.dll, TestPluginCache: TestHosts are ''.
TpTrace Verbose: 0 : 9368, 4, 2023/11/09, 11:00:41.042, 1785161163777, testhost.dll, TestPluginCache: DataCollectors are ''.
TpTrace Information: 0 : 9368, 4, 2023/11/09, 11:00:41.046, 1785161196950, testhost.dll, TestPluginManager.CreateTestExtension: Attempting to load test extension: Xunit.Runner.VisualStudio.VsTestRunner
TpTrace Verbose: 0 : 9368, 4, 2023/11/09, 11:00:41.046, 1785161199678, testhost.dll, TestExecutorExtensionManager: Loading executor Microsoft.VisualStudio.TestPlatform.Common.ExtensionDecorators.SerialTestRunDecorator
TpTrace Verbose: 0 : 9368, 4, 2023/11/09, 11:00:41.046, 1785161200022, testhost.dll, TestExecutorService: Loaded the executors
TpTrace Verbose: 0 : 9368, 4, 2023/11/09, 11:00:41.047, 1785161207638, testhost.dll, TestPluginCache.DiscoverTestExtensions: finding test extensions in assemblies ends with: TestAdapter.dll TPluginInfo: Microsoft.VisualStudio.TestPlatform.Common.ExtensionFramework.Utilities.TestSettingsProviderPluginInformation TExtension: Microsoft.VisualStudio.TestPlatform.ObjectModel.Adapter.ISettingsProvider
TpTrace Verbose: 0 : 9368, 4, 2023/11/09, 11:00:41.047, 1785161208248, testhost.dll, TestPluginCache.GetExtensionPaths: Filtered extension paths: 
TpTrace Verbose: 0 : 9368, 4, 2023/11/09, 11:00:41.047, 1785161208563, testhost.dll, TestPluginCache.GetExtensionPaths: Added default extension paths: C:\Dev\.Net Assigments\Assignment5Test\bin\Debug\net6.0\fine-code-coverage\build-output\xunit.runner.visualstudio.dotnetcore.testadapter.dll
TpTrace Verbose: 0 : 9368, 4, 2023/11/09, 11:00:41.047, 1785161208791, testhost.dll, TestPluginCache.GetExtensionPaths: Added unfilterableExtensionPaths: 
TpTrace Information: 0 : 9368, 4, 2023/11/09, 11:00:41.047, 1785161209540, testhost.dll, AssemblyResolver.AddSearchDirectories: Adding more searchDirectories C:\Dev\.Net Assigments\Assignment5Test\bin\Debug\net6.0\fine-code-coverage\build-output
TpTrace Verbose: 0 : 9368, 4, 2023/11/09, 11:00:41.047, 1785161209818, testhost.dll, TestPluginCache.DiscoverTestExtensions: Discovering the extensions using extension path.
TpTrace Verbose: 0 : 9368, 4, 2023/11/09, 11:00:41.047, 1785161210009, testhost.dll, TestPluginCache.GetExtensionPaths: Filtered extension paths: 
TpTrace Verbose: 0 : 9368, 4, 2023/11/09, 11:00:41.047, 1785161210174, testhost.dll, TestPluginCache.GetExtensionPaths: Added default extension paths: C:\Dev\.Net Assigments\Assignment5Test\bin\Debug\net6.0\fine-code-coverage\build-output\xunit.runner.visualstudio.dotnetcore.testadapter.dll
TpTrace Verbose: 0 : 9368, 4, 2023/11/09, 11:00:41.047, 1785161210362, testhost.dll, TestPluginCache.GetExtensionPaths: Added unfilterableExtensionPaths: 
TpTrace Verbose: 0 : 9368, 4, 2023/11/09, 11:00:41.047, 1785161210563, testhost.dll, TestPluginCache.DiscoverTestExtensions: Discovering the extensions using allExtensionPaths: C:\Dev\.Net Assigments\Assignment5Test\bin\Debug\net6.0\fine-code-coverage\build-output\xunit.runner.visualstudio.dotnetcore.testadapter.dll
TpTrace Information: 0 : 9368, 4, 2023/11/09, 11:00:41.047, 1785161210879, testhost.dll, AssemblyResolver.AddSearchDirectories: Adding more searchDirectories C:\Dev\.Net Assigments\Assignment5Test\bin\Debug\net6.0\fine-code-coverage\build-output
TpTrace Verbose: 0 : 9368, 4, 2023/11/09, 11:00:41.047, 1785161211314, testhost.dll, MetadataReaderExtensionsHelper: Discovering extensions inside assembly 'xunit.runner.visualstudio.dotnetcore.testadapter, Version=2.4.0.0, Culture=neutral, PublicKeyToken=8d05b1bb7a6fdb6c' file path 'C:\Dev\.Net Assigments\Assignment5Test\bin\Debug\net6.0\fine-code-coverage\build-output\xunit.runner.visualstudio.dotnetcore.testadapter.dll'
TpTrace Verbose: 0 : 9368, 4, 2023/11/09, 11:00:41.047, 1785161214109, testhost.dll, TestPluginCache: Discovered the extensions using extension path ''.
TpTrace Verbose: 0 : 9368, 4, 2023/11/09, 11:00:41.047, 1785161214384, testhost.dll, TestPluginCache: Discoverers are ''.
TpTrace Verbose: 0 : 9368, 4, 2023/11/09, 11:00:41.047, 1785161214565, testhost.dll, TestPluginCache: Executors are 'executor://xunit/VsTestRunner2/netcoreapp'.
TpTrace Verbose: 0 : 9368, 4, 2023/11/09, 11:00:41.047, 1785161214739, testhost.dll, TestPluginCache: Executors2 are ''.
TpTrace Verbose: 0 : 9368, 4, 2023/11/09, 11:00:41.047, 1785161214985, testhost.dll, TestPluginCache: Setting providers are ''.
TpTrace Verbose: 0 : 9368, 4, 2023/11/09, 11:00:41.047, 1785161215167, testhost.dll, TestPluginCache: Loggers are ''.
TpTrace Verbose: 0 : 9368, 4, 2023/11/09, 11:00:41.047, 1785161215346, testhost.dll, TestPluginCache: TestHosts are ''.
TpTrace Verbose: 0 : 9368, 4, 2023/11/09, 11:00:41.047, 1785161215519, testhost.dll, TestPluginCache: DataCollectors are ''.
TpTrace Verbose: 0 : 9368, 4, 2023/11/09, 11:00:41.048, 1785161221937, testhost.dll, TestExecutorService: Loaded the settings providers
TpTrace Information: 0 : 9368, 4, 2023/11/09, 11:00:41.048, 1785161222261, testhost.dll, TestExecutorService: Loaded the extensions
TpTrace Information: 0 : 9368, 4, 2023/11/09, 11:00:41.048, 1785161225603, testhost.dll, TestRequestHandler.OnMessageReceived: Running job 'TestExecution.StartWithSources'.
TpTrace Verbose: 0 : 9368, 4, 2023/11/09, 11:00:41.100, 1785161745232, testhost.dll, MulticastDelegateUtilities.SafeInvoke: TestCaseEventsHandler.RaiseSessionStart: Invoking callbacks was skipped because there are no subscribers.
TpTrace Information: 0 : 9368, 4, 2023/11/09, 11:00:41.104, 1785161778487, testhost.dll, TestDiscoveryManager: Discovering tests from sources C:\Dev\.Net Assigments\Assignment5Test\bin\Debug\net6.0\fine-code-coverage\build-output\Assignment5Test.dll
TpTrace Verbose: 0 : 9368, 4, 2023/11/09, 11:00:41.107, 1785161807563, testhost.dll, TestPluginCache.DiscoverTestExtensions: finding test extensions in assemblies ends with: TestAdapter.dll TPluginInfo: Microsoft.VisualStudio.TestPlatform.Common.ExtensionFramework.Utilities.TestDiscovererPluginInformation TExtension: Microsoft.VisualStudio.TestPlatform.ObjectModel.Adapter.ITestDiscoverer
TpTrace Verbose: 0 : 9368, 4, 2023/11/09, 11:00:41.107, 1785161808215, testhost.dll, TestPluginCache.GetExtensionPaths: Filtered extension paths: 
TpTrace Verbose: 0 : 9368, 4, 2023/11/09, 11:00:41.107, 1785161808474, testhost.dll, TestPluginCache.GetExtensionPaths: Added default extension paths: C:\Dev\.Net Assigments\Assignment5Test\bin\Debug\net6.0\fine-code-coverage\build-output\xunit.runner.visualstudio.dotnetcore.testadapter.dll
TpTrace Verbose: 0 : 9368, 4, 2023/11/09, 11:00:41.107, 1785161808695, testhost.dll, TestPluginCache.GetExtensionPaths: Added unfilterableExtensionPaths: 
TpTrace Information: 0 : 9368, 4, 2023/11/09, 11:00:41.107, 1785161809454, testhost.dll, AssemblyResolver.AddSearchDirectories: Adding more searchDirectories C:\Dev\.Net Assigments\Assignment5Test\bin\Debug\net6.0\fine-code-coverage\build-output
TpTrace Verbose: 0 : 9368, 4, 2023/11/09, 11:00:41.107, 1785161809709, testhost.dll, TestPluginCache.DiscoverTestExtensions: Discovering the extensions using extension path.
TpTrace Verbose: 0 : 9368, 4, 2023/11/09, 11:00:41.107, 1785161809924, testhost.dll, TestPluginCache.GetExtensionPaths: Filtered extension paths: 
TpTrace Verbose: 0 : 9368, 4, 2023/11/09, 11:00:41.107, 1785161810093, testhost.dll, TestPluginCache.GetExtensionPaths: Added default extension paths: C:\Dev\.Net Assigments\Assignment5Test\bin\Debug\net6.0\fine-code-coverage\build-output\xunit.runner.visualstudio.dotnetcore.testadapter.dll
TpTrace Verbose: 0 : 9368, 4, 2023/11/09, 11:00:41.107, 1785161810258, testhost.dll, TestPluginCache.GetExtensionPaths: Added unfilterableExtensionPaths: 
TpTrace Verbose: 0 : 9368, 4, 2023/11/09, 11:00:41.107, 1785161810435, testhost.dll, TestPluginCache.DiscoverTestExtensions: Discovering the extensions using allExtensionPaths: C:\Dev\.Net Assigments\Assignment5Test\bin\Debug\net6.0\fine-code-coverage\build-output\xunit.runner.visualstudio.dotnetcore.testadapter.dll
TpTrace Information: 0 : 9368, 4, 2023/11/09, 11:00:41.107, 1785161810759, testhost.dll, AssemblyResolver.AddSearchDirectories: Adding more searchDirectories C:\Dev\.Net Assigments\Assignment5Test\bin\Debug\net6.0\fine-code-coverage\build-output
TpTrace Verbose: 0 : 9368, 4, 2023/11/09, 11:00:41.107, 1785161811253, testhost.dll, MetadataReaderExtensionsHelper: Discovering extensions inside assembly 'xunit.runner.visualstudio.dotnetcore.testadapter, Version=2.4.0.0, Culture=neutral, PublicKeyToken=8d05b1bb7a6fdb6c' file path 'C:\Dev\.Net Assigments\Assignment5Test\bin\Debug\net6.0\fine-code-coverage\build-output\xunit.runner.visualstudio.dotnetcore.testadapter.dll'
TpTrace Information: 0 : 9368, 4, 2023/11/09, 11:00:41.109, 1785161828837, testhost.dll, GetTestExtensionFromType: Register extension with identifier data 'Xunit.Runner.VisualStudio.VsTestRunner, xunit.runner.visualstudio.dotnetcore.testadapter, Version=2.4.0.0, Culture=neutral, PublicKeyToken=8d05b1bb7a6fdb6c' and type 'Xunit.Runner.VisualStudio.VsTestRunner, xunit.runner.visualstudio.dotnetcore.testadapter, Version=2.4.0.0, Culture=neutral, PublicKeyToken=8d05b1bb7a6fdb6c' inside file 'C:\Dev\.Net Assigments\Assignment5Test\bin\Debug\net6.0\fine-code-coverage\build-output\xunit.runner.visualstudio.dotnetcore.testadapter.dll'
TpTrace Verbose: 0 : 9368, 4, 2023/11/09, 11:00:41.109, 1785161829923, testhost.dll, TestPluginCache: Discovered the extensions using extension path ''.
TpTrace Verbose: 0 : 9368, 4, 2023/11/09, 11:00:41.109, 1785161830278, testhost.dll, TestPluginCache: Discoverers are 'Xunit.Runner.VisualStudio.VsTestRunner, xunit.runner.visualstudio.dotnetcore.testadapter, Version=2.4.0.0, Culture=neutral, PublicKeyToken=8d05b1bb7a6fdb6c'.
TpTrace Verbose: 0 : 9368, 4, 2023/11/09, 11:00:41.109, 1785161830487, testhost.dll, TestPluginCache: Executors are 'executor://xunit/VsTestRunner2/netcoreapp'.
TpTrace Verbose: 0 : 9368, 4, 2023/11/09, 11:00:41.109, 1785161830660, testhost.dll, TestPluginCache: Executors2 are ''.
TpTrace Verbose: 0 : 9368, 4, 2023/11/09, 11:00:41.109, 1785161830822, testhost.dll, TestPluginCache: Setting providers are ''.
TpTrace Verbose: 0 : 9368, 4, 2023/11/09, 11:00:41.109, 1785161831009, testhost.dll, TestPluginCache: Loggers are ''.
TpTrace Verbose: 0 : 9368, 4, 2023/11/09, 11:00:41.109, 1785161831165, testhost.dll, TestPluginCache: TestHosts are ''.
TpTrace Verbose: 0 : 9368, 4, 2023/11/09, 11:00:41.109, 1785161831316, testhost.dll, TestPluginCache: DataCollectors are ''.
TpTrace Information: 0 : 9368, 4, 2023/11/09, 11:00:41.112, 1785161861335, testhost.dll, PEReaderHelper.GetAssemblyType: Determined assemblyType:'Managed' for source: 'C:\Dev\.Net Assigments\Assignment5Test\bin\Debug\net6.0\fine-code-coverage\build-output\Assignment5Test.dll'
TpTrace Verbose: 0 : 9368, 4, 2023/11/09, 11:00:41.116, 1785161904013, testhost.dll, BaseRunTests.RunTestInternalWithExecutors: Running tests for executor://xunit/VsTestRunner2/netcoreapp
TpTrace Information: 0 : 9368, 4, 2023/11/09, 11:00:41.123, 1785161969876, testhost.dll, [xUnit.net 00:00:00.00] xUnit.net VSTest Adapter v2.4.5+1caef2f33e (64-bit .NET 6.0.24)
TpTrace Verbose: 0 : 9368, 4, 2023/11/09, 11:00:41.123, 1785161970699, testhost.dll, TestRequestHandler.SendData: sending data from testhost: {"Version":7,"MessageType":"TestSession.Message","Payload":{"MessageLevel":0,"Message":"[xUnit.net 00:00:00.00] xUnit.net VSTest Adapter v2.4.5+1caef2f33e (64-bit .NET 6.0.24)"}}
TpTrace Verbose: 0 : 9368, 4, 2023/11/09, 11:00:41.123, 1785161971685, testhost.dll, MulticastDelegateUtilities.SafeInvoke: TestRunMessageLoggerProxy.SendMessage: Invoking callback 1/1 for Microsoft.VisualStudio.TestPlatform.CrossPlatEngine.Execution.RunTestsWithSources., took 0 ms.
TpTrace Information: 0 : 9368, 4, 2023/11/09, 11:00:41.387, 1785164609234, testhost.dll, AssemblyResolver.OnResolve: xunit.runner.reporters.netcoreapp10: Resolving assembly.
TpTrace Information: 0 : 9368, 4, 2023/11/09, 11:00:41.387, 1785164610441, testhost.dll, AssemblyResolver.OnResolve: xunit.runner.reporters.netcoreapp10: Searching in: 'C:\Dev\.Net Assigments\Assignment5Test\bin\Debug\net6.0\fine-code-coverage\build-output'.
TpTrace Information: 0 : 9368, 4, 2023/11/09, 11:00:41.387, 1785164612117, testhost.dll, AssemblyResolver.OnResolve: xunit.runner.reporters.netcoreapp10: Loading assembly 'C:\Dev\.Net Assigments\Assignment5Test\bin\Debug\net6.0\fine-code-coverage\build-output\xunit.runner.reporters.netcoreapp10.dll'.
TpTrace Information: 0 : 9368, 4, 2023/11/09, 11:00:41.387, 1785164614271, testhost.dll, AssemblyResolver.OnResolve: Resolved assembly: xunit.runner.reporters.netcoreapp10, from path: C:\Dev\.Net Assigments\Assignment5Test\bin\Debug\net6.0\fine-code-coverage\build-output\xunit.runner.reporters.netcoreapp10.dll
TpTrace Information: 0 : 9368, 4, 2023/11/09, 11:00:41.435, 1785165087358, testhost.dll, [xUnit.net 00:00:00.31]   Discovering: Assignment5Test
TpTrace Verbose: 0 : 9368, 4, 2023/11/09, 11:00:41.435, 1785165088557, testhost.dll, TestRequestHandler.SendData: sending data from testhost: {"Version":7,"MessageType":"TestSession.Message","Payload":{"MessageLevel":0,"Message":"[xUnit.net 00:00:00.31]   Discovering: Assignment5Test"}}
TpTrace Verbose: 0 : 9368, 4, 2023/11/09, 11:00:41.435, 1785165089384, testhost.dll, MulticastDelegateUtilities.SafeInvoke: TestRunMessageLoggerProxy.SendMessage: Invoking callback 1/1 for Microsoft.VisualStudio.TestPlatform.CrossPlatEngine.Execution.RunTestsWithSources., took 0 ms.
TpTrace Information: 0 : 9368, 4, 2023/11/09, 11:00:41.462, 1785165363617, testhost.dll, [xUnit.net 00:00:00.34]   Discovered:  Assignment5Test
TpTrace Verbose: 0 : 9368, 4, 2023/11/09, 11:00:41.462, 1785165364725, testhost.dll, TestRequestHandler.SendData: sending data from testhost: {"Version":7,"MessageType":"TestSession.Message","Payload":{"MessageLevel":0,"Message":"[xUnit.net 00:00:00.34]   Discovered:  Assignment5Test"}}
TpTrace Verbose: 0 : 9368, 4, 2023/11/09, 11:00:41.462, 1785165365546, testhost.dll, MulticastDelegateUtilities.SafeInvoke: TestRunMessageLoggerProxy.SendMessage: Invoking callback 1/1 for Microsoft.VisualStudio.TestPlatform.CrossPlatEngine.Execution.RunTestsWithSources., took 0 ms.
TpTrace Information: 0 : 9368, 4, 2023/11/09, 11:00:41.464, 1785165383721, testhost.dll, [xUnit.net 00:00:00.34]   Starting:    Assignment5Test
TpTrace Verbose: 0 : 9368, 4, 2023/11/09, 11:00:41.464, 1785165384872, testhost.dll, TestRequestHandler.SendData: sending data from testhost: {"Version":7,"MessageType":"TestSession.Message","Payload":{"MessageLevel":0,"Message":"[xUnit.net 00:00:00.34]   Starting:    Assignment5Test"}}
TpTrace Verbose: 0 : 9368, 4, 2023/11/09, 11:00:41.464, 1785165385719, testhost.dll, MulticastDelegateUtilities.SafeInvoke: TestRunMessageLoggerProxy.SendMessage: Invoking callback 1/1 for Microsoft.VisualStudio.TestPlatform.CrossPlatEngine.Execution.RunTestsWithSources., took 0 ms.
TpTrace Verbose: 0 : 9368, 16, 2023/11/09, 11:00:41.498, 1785165721205, testhost.dll, TestExecutionRecorder.RecordStart: Starting test: Assignment5Test.UnitTest1.ConsoleReaderTestForJunk.
TpTrace Verbose: 0 : 9368, 16, 2023/11/09, 11:00:41.521, 1785165950746, testhost.dll, MulticastDelegateUtilities.SafeInvoke: TestCaseEventsHandler.RaiseTestCaseStart: Invoking callback 1/1 for Microsoft.VisualStudio.TestPlatform.CrossPlatEngine.DataCollection.ProxyOutOfProcDataCollectionManager., took 21 ms.
TpTrace Verbose: 0 : 9368, 16, 2023/11/09, 11:00:41.522, 1785165964561, testhost.dll, TestExecutionRecorder.RecordResult: Received result for test: Assignment5Test.UnitTest1.ConsoleReaderTestForJunk.
TpTrace Verbose: 0 : 9368, 16, 2023/11/09, 11:00:41.531, 1785166056218, testhost.dll, MulticastDelegateUtilities.SafeInvoke: TestCaseEventsHandler.RaiseTestCaseEnd: Invoking callback 1/1 for Microsoft.VisualStudio.TestPlatform.CrossPlatEngine.DataCollection.ProxyOutOfProcDataCollectionManager., took 8 ms.
TpTrace Verbose: 0 : 9368, 16, 2023/11/09, 11:00:41.533, 1785166075750, testhost.dll, MulticastDelegateUtilities.SafeInvoke: TestCaseEventsHandler.RaiseTestCaseEnd: Invoking callback 1/1 for Microsoft.VisualStudio.TestPlatform.CrossPlatEngine.DataCollection.ProxyOutOfProcDataCollectionManager., took 1 ms.
TpTrace Verbose: 0 : 9368, 16, 2023/11/09, 11:00:41.536, 1785166103534, testhost.dll, TestExecutionRecorder.RecordEnd: test: Assignment5Test.UnitTest1.ConsoleReaderTestForJunk execution completed.
TpTrace Warning: 0 : 9368, 16, 2023/11/09, 11:00:41.536, 1785166104329, testhost.dll, TestRunCache: InProgressTests is null
TpTrace Verbose: 0 : 9368, 16, 2023/11/09, 11:00:41.536, 1785166104898, testhost.dll, TestExecutionRecorder.RecordStart: Starting test: Assignment5Test.UnitTest1.ConsoleReaderTestForWord.
TpTrace Verbose: 0 : 9368, 16, 2023/11/09, 11:00:41.538, 1785166118745, testhost.dll, MulticastDelegateUtilities.SafeInvoke: TestCaseEventsHandler.RaiseTestCaseStart: Invoking callback 1/1 for Microsoft.VisualStudio.TestPlatform.CrossPlatEngine.DataCollection.ProxyOutOfProcDataCollectionManager., took 1 ms.
TpTrace Verbose: 0 : 9368, 16, 2023/11/09, 11:00:41.538, 1785166120117, testhost.dll, TestExecutionRecorder.RecordResult: Received result for test: Assignment5Test.UnitTest1.ConsoleReaderTestForWord.
TpTrace Verbose: 0 : 9368, 16, 2023/11/09, 11:00:41.539, 1785166130500, testhost.dll, MulticastDelegateUtilities.SafeInvoke: TestCaseEventsHandler.RaiseTestCaseEnd: Invoking callback 1/1 for Microsoft.VisualStudio.TestPlatform.CrossPlatEngine.DataCollection.ProxyOutOfProcDataCollectionManager., took 1 ms.
TpTrace Verbose: 0 : 9368, 16, 2023/11/09, 11:00:41.539, 1785166131090, testhost.dll, MulticastDelegateUtilities.SafeInvoke: TestCaseEventsHandler.RaiseTestCaseEnd: Invoking callback 1/1 for Microsoft.VisualStudio.TestPlatform.CrossPlatEngine.DataCollection.ProxyOutOfProcDataCollectionManager., took 0 ms.
TpTrace Verbose: 0 : 9368, 16, 2023/11/09, 11:00:41.539, 1785166131659, testhost.dll, TestExecutionRecorder.RecordEnd: test: Assignment5Test.UnitTest1.ConsoleReaderTestForWord execution completed.
TpTrace Warning: 0 : 9368, 16, 2023/11/09, 11:00:41.539, 1785166131875, testhost.dll, TestRunCache: InProgressTests is null
TpTrace Verbose: 0 : 9368, 16, 2023/11/09, 11:00:41.539, 1785166132198, testhost.dll, TestExecutionRecorder.RecordStart: Starting test: Assignment5Test.UnitTest1.ConsoleReaderTestForNumber.
TpTrace Verbose: 0 : 9368, 16, 2023/11/09, 11:00:41.540, 1785166137963, testhost.dll, MulticastDelegateUtilities.SafeInvoke: TestCaseEventsHandler.RaiseTestCaseStart: Invoking callback 1/1 for Microsoft.VisualStudio.TestPlatform.CrossPlatEngine.DataCollection.ProxyOutOfProcDataCollectionManager., took 0 ms.
TpTrace Verbose: 0 : 9368, 16, 2023/11/09, 11:00:41.540, 1785166138690, testhost.dll, TestExecutionRecorder.RecordResult: Received result for test: Assignment5Test.UnitTest1.ConsoleReaderTestForNumber.
TpTrace Verbose: 0 : 9368, 16, 2023/11/09, 11:00:41.540, 1785166145170, testhost.dll, MulticastDelegateUtilities.SafeInvoke: TestCaseEventsHandler.RaiseTestCaseEnd: Invoking callback 1/1 for Microsoft.VisualStudio.TestPlatform.CrossPlatEngine.DataCollection.ProxyOutOfProcDataCollectionManager., took 0 ms.
TpTrace Verbose: 0 : 9368, 16, 2023/11/09, 11:00:41.540, 1785166145688, testhost.dll, MulticastDelegateUtilities.SafeInvoke: TestCaseEventsHandler.RaiseTestCaseEnd: Invoking callback 1/1 for Microsoft.VisualStudio.TestPlatform.CrossPlatEngine.DataCollection.ProxyOutOfProcDataCollectionManager., took 0 ms.
TpTrace Verbose: 0 : 9368, 16, 2023/11/09, 11:00:41.540, 1785166146093, testhost.dll, TestExecutionRecorder.RecordEnd: test: Assignment5Test.UnitTest1.ConsoleReaderTestForNumber execution completed.
TpTrace Warning: 0 : 9368, 16, 2023/11/09, 11:00:41.540, 1785166146289, testhost.dll, TestRunCache: InProgressTests is null
TpTrace Information: 0 : 9368, 4, 2023/11/09, 11:00:41.541, 1785166154014, testhost.dll, [xUnit.net 00:00:00.42]   Finished:    Assignment5Test
TpTrace Verbose: 0 : 9368, 4, 2023/11/09, 11:00:41.541, 1785166154640, testhost.dll, TestRequestHandler.SendData: sending data from testhost: {"Version":7,"MessageType":"TestSession.Message","Payload":{"MessageLevel":0,"Message":"[xUnit.net 00:00:00.42]   Finished:    Assignment5Test"}}
TpTrace Verbose: 0 : 9368, 4, 2023/11/09, 11:00:41.541, 1785166155257, testhost.dll, MulticastDelegateUtilities.SafeInvoke: TestRunMessageLoggerProxy.SendMessage: Invoking callback 1/1 for Microsoft.VisualStudio.TestPlatform.CrossPlatEngine.Execution.RunTestsWithSources., took 0 ms.
TpTrace Verbose: 0 : 9368, 4, 2023/11/09, 11:00:41.545, 1785166186701, testhost.dll, BaseRunTests.RunTestInternalWithExecutors: Completed running tests for executor://xunit/VsTestRunner2/netcoreapp
TpTrace Verbose: 0 : 9368, 4, 2023/11/09, 11:00:41.545, 1785166193677, testhost.dll, MulticastDelegateUtilities.SafeInvoke: TestCaseEventsHandler.RaiseSessionEnd: Invoking callback 1/1 for Microsoft.VisualStudio.TestPlatform.CrossPlatEngine.DataCollection.ProxyOutOfProcDataCollectionManager., took 0 ms.
TpTrace Information: 0 : 9368, 4, 2023/11/09, 11:00:41.548, 1785166225431, testhost.dll, Sending test run complete
TpTrace Verbose: 0 : 9368, 4, 2023/11/09, 11:00:41.570, 1785166438031, testhost.dll, TestRequestHandler.SendData: sending data from testhost: {"Version":7,"MessageType":"TestExecution.Completed","Payload":{"TestRunCompleteArgs":{"TestRunStatistics":{"ExecutedTests":3,"Stats":{"Passed":3}},"IsCanceled":false,"IsAborted":false,"Error":null,"AttachmentSets":[],"InvokedDataCollectors":[],"ElapsedTimeInRunningTests":"00:00:00.4315897","Metrics":{},"DiscoveredExtensions":{"TestDiscoverers":["Xunit.Runner.VisualStudio.VsTestRunner, xunit.runner.visualstudio.dotnetcore.testadapter, Version=2.4.0.0, Culture=neutral, PublicKeyToken=8d05b1bb7a6fdb6c"],"TestExecutors":["executor://xunit/VsTestRunner2/netcoreapp"],"TestExecutors2":[],"TestSettingsProviders":[]}},"LastRunTests":{"NewTestResults":[{"TestCase":{"Id":"1ca4a6a3-f87e-57ef-f493-b112299a2bfc","FullyQualifiedName":"Assignment5Test.UnitTest1.ConsoleReaderTestForJunk","DisplayName":"Assignment5Test.UnitTest1.ConsoleReaderTestForJunk","ExecutorUri":"executor://xunit/VsTestRunner2/netcoreapp","Source":"C:\\Dev\\.Net Assigments\\Assignment5Test\\bin\\Debug\\net6.0\\fine-code-coverage\\build-output\\Assignment5Test.dll","CodeFilePath":null,"LineNumber":0,"Properties":[]},"Attachments":[],"Outcome":1,"ErrorMessage":null,"ErrorStackTrace":null,"DisplayName":"Assignment5Test.UnitTest1.ConsoleReaderTestForJunk","Messages":[],"ComputerName":"DESKTOP-EFFEMHA","Duration":"00:00:00.0038021","StartTime":"2023-11-09T05:30:41.5225545+00:00","EndTime":"2023-11-09T05:30:41.5225727+00:00","Properties":[]},{"TestCase":{"Id":"6a01d610-383b-0c40-4df0-c194bb85d475","FullyQualifiedName":"Assignment5Test.UnitTest1.ConsoleReaderTestForWord","DisplayName":"Assignment5Test.UnitTest1.ConsoleReaderTestForWord","ExecutorUri":"executor://xunit/VsTestRunner2/netcoreapp","Source":"C:\\Dev\\.Net Assigments\\Assignment5Test\\bin\\Debug\\net6.0\\fine-code-coverage\\build-output\\Assignment5Test.dll","CodeFilePath":null,"LineNumber":0,"Properties":[]},"Attachments":[],"Outcome":1,"ErrorMessage":null,"ErrorStackTrace":null,"DisplayName":"Assignment5Test.UnitTest1.ConsoleReaderTestForWord","Messages":[],"ComputerName":"DESKTOP-EFFEMHA","Duration":"00:00:00.0001933","StartTime":"2023-11-09T05:30:41.5383467+00:00","EndTime":"2023-11-09T05:30:41.5383474+00:00","Properties":[]},{"TestCase":{"Id":"ee5d0ef8-2dbb-81ca-2961-09037621ec40","FullyQualifiedName":"Assignment5Test.UnitTest1.ConsoleReaderTestForNumber","DisplayName":"Assignment5Test.UnitTest1.ConsoleReaderTestForNumber","ExecutorUri":"executor://xunit/VsTestRunner2/netcoreapp","Source":"C:\\Dev\\.Net Assigments\\Assignment5Test\\bin\\Debug\\net6.0\\fine-code-coverage\\build-output\\Assignment5Test.dll","CodeFilePath":null,"LineNumber":0,"Properties":[]},"Attachments":[],"Outcome":1,"ErrorMessage":null,"ErrorStackTrace":null,"DisplayName":"Assignment5Test.UnitTest1.ConsoleReaderTestForNumber","Messages":[],"ComputerName":"DESKTOP-EFFEMHA","Duration":"00:00:00.0001888","StartTime":"2023-11-09T05:30:41.5402133+00:00","EndTime":"2023-11-09T05:30:41.5402133+00:00","Properties":[]}],"TestRunStatistics":{"ExecutedTests":3,"Stats":{"Passed":3}},"ActiveTests":[]},"RunAttachments":[],"ExecutorUris":["executor://xunit/VsTestRunner2/netcoreapp"]}}
TpTrace Verbose: 0 : 9368, 4, 2023/11/09, 11:00:41.570, 1785166440429, testhost.dll, BaseRunTests.RunTests: Run is complete.
TpTrace Verbose: 0 : 9368, 9, 2023/11/09, 11:00:41.570, 1785166443532, testhost.dll, TcpClientExtensions.MessageLoopAsync: NotifyDataAvailable remoteEndPoint: [::ffff:127.0.0.1]:62198 localEndPoint: [::ffff:127.0.0.1]:62199
TpTrace Information: 0 : 9368, 9, 2023/11/09, 11:00:41.570, 1785166444162, testhost.dll, TestRequestHandler.OnMessageReceived: received message: (TestSession.Terminate) -> {"MessageType":"TestSession.Terminate","Payload":null}
TpTrace Information: 0 : 9368, 9, 2023/11/09, 11:00:41.570, 1785166444429, testhost.dll, Session End message received from server. Closing the connection.
TpTrace Information: 0 : 9368, 9, 2023/11/09, 11:00:41.571, 1785166446648, testhost.dll, SocketClient.Stop: Stop communication from server endpoint: 127.0.0.1:062198
TpTrace Information: 0 : 9368, 9, 2023/11/09, 11:00:41.571, 1785166446935, testhost.dll, SocketClient: Stop: Cancellation requested. Stopping message loop.
TpTrace Verbose: 0 : 9368, 9, 2023/11/09, 11:00:41.571, 1785166447679, testhost.dll, LengthPrefixCommunicationChannel.Dispose: Dispose reader and writer.
TpTrace Information: 0 : 9368, 9, 2023/11/09, 11:00:41.571, 1785166448000, testhost.dll, Closing the connection !
TpTrace Verbose: 0 : 9368, 9, 2023/11/09, 11:00:41.571, 1785166448239, testhost.dll, MulticastDelegateUtilities.SafeInvoke: LengthPrefixCommunicationChannel: MessageReceived: Invoking callback 1/1 for Microsoft.VisualStudio.TestPlatform.CommunicationUtilities.TestRequestHandler., took 0 ms.
TpTrace Information: 0 : 9368, 9, 2023/11/09, 11:00:41.571, 1785166449488, testhost.dll, SocketClient.PrivateStop: Stop communication from server endpoint: 127.0.0.1:062198, error:
TpTrace Information: 0 : 9368, 1, 2023/11/09, 11:00:41.571, 1785166450837, testhost.dll, Closing the connection!
TpTrace Verbose: 0 : 9368, 9, 2023/11/09, 11:00:41.571, 1785166450911, testhost.dll, LengthPrefixCommunicationChannel.Dispose: Dispose reader and writer.
TpTrace Information: 0 : 9368, 1, 2023/11/09, 11:00:41.571, 1785166451594, testhost.dll, Testhost process exiting.
TpTrace Verbose: 0 : 9368, 9, 2023/11/09, 11:00:41.571, 1785166451682, testhost.dll, TcpClientExtensions.MessageLoopAsync: exiting MessageLoopAsync remoteEndPoint: [::ffff:127.0.0.1]:62198 localEndPoint: [::ffff:127.0.0.1]:62199
