TpTrace Verbose: 0 : 18000, 1, 2023/11/09, 11:00:40.577, 1785156510823, datacollector.dll, Version: 17.7.2-release-23423-01
TpTrace Information: 0 : 18000, 1, 2023/11/09, 11:00:40.581, 1785156547239, datacollector.dll, DataCollectorMain.Run: Starting data collector run with args: --port,62195,--parentprocessid,15712,--diag,C:\Dev\.Net Assigments\Assignment5Test\bin\Debug\net6.0\fine-code-coverage\coverage-tool-output\diagnostics.datacollector.23-11-09_11-00-40_48682_5.log,--tracelevel,4
TpTrace Information: 0 : 18000, 1, 2023/11/09, 11:00:40.581, 1785156547923, datacollector.dll, DataCollector: Monitoring parent process with id: '15712'
TpTrace Information: 0 : 18000, 1, 2023/11/09, 11:00:40.585, 1785156586690, datacollector.dll, Trying to connect to server on socket : 127.0.0.1:62195 
TpTrace Verbose: 0 : 18000, 1, 2023/11/09, 11:00:40.591, 1785156651033, datacollector.dll, SocketCommunicationManager : SetupClientAsync : Attempting to connect to the server.
TpTrace Information: 0 : 18000, 6, 2023/11/09, 11:00:40.597, 1785156714468, datacollector.dll, Connected to the server successfully 
TpTrace Information: 0 : 18000, 6, 2023/11/09, 11:00:40.597, 1785156715252, datacollector.dll, Using the buffer size of 16384 bytes
TpTrace Information: 0 : 18000, 1, 2023/11/09, 11:00:40.659, 1785157329839, datacollector.dll, DataCollector: Start Request Processing.
TpTrace Verbose: 0 : 18000, 1, 2023/11/09, 11:00:40.659, 1785157332368, datacollector.dll, SocketCommunicationManager.WaitForServerConnection took: 0 ms, with 90000 ms timeout, and finished with True.
TpTrace Information: 0 : 18000, 1, 2023/11/09, 11:00:40.659, 1785157335198, datacollector.dll, DataCollectionRequestHandler.ProcessRequests: Datacollector received message: (DataCollection.BeforeTestRunStart) -> {"MessageType":"DataCollection.BeforeTestRunStart","Payload":{"SettingsXml":"<RunSettings><RunConfiguration><ResultsDirectory>C:\\Dev\\.Net Assigments\\Assignment5Test\\bin\\Debug\\net6.0\\fine-code-coverage\\coverage-tool-output</ResultsDirectory><TargetPlatform>X64</TargetPlatform><TargetFrameworkVersion>.NETCoreApp,Version=v6.0</TargetFrameworkVersion><DesignMode>False</DesignMode><CollectSourceInformation>False</CollectSourceInformation><TestAdaptersPaths>C:\\Program Files\\dotnet\\sdk\\7.0.403\\Extensions</TestAdaptersPaths></RunConfiguration><LoggerRunSettings><Loggers><Logger friendlyName=\"blame\" enabled=\"True\" /><Logger friendlyName=\"Console\" uri=\"logger://microsoft/TestPlatform/ConsoleLogger/v1\" assemblyQualifiedName=\"Microsoft.VisualStudio.TestPlatform.CommandLine.Internal.ConsoleLogger, vstest.console, Version=15.0.0.0, Culture=neutral, PublicKeyToken=b03f5f7f11d50a3a\" codeBase=\"C:\\Program Files\\dotnet\\sdk\\7.0.403\\vstest.console.dll\" enabled=\"True\" /></Loggers></LoggerRunSettings><DataCollectionRunSettings><DataCollectors><DataCollector friendlyName=\"blame\" enabled=\"True\"><Configuration><ResultsDirectory>C:\\Dev\\.Net Assigments\\Assignment5Test\\bin\\Debug\\net6.0\\fine-code-coverage\\coverage-tool-output</ResultsDirectory></Configuration></DataCollector></DataCollectors></DataCollectionRunSettings></RunSettings>","Sources":["C:\\Dev\\.Net Assigments\\Assignment5Test\\bin\\Debug\\net6.0\\fine-code-coverage\\build-output\\Assignment5Test.dll"],"IsTelemetryOptedIn":false}}
TpTrace Verbose: 0 : 18000, 1, 2023/11/09, 11:00:40.697, 1785157712526, datacollector.dll, TestPluginCache: Update extensions started. Skip filter = False
TpTrace Verbose: 0 : 18000, 1, 2023/11/09, 11:00:40.698, 1785157720680, datacollector.dll, TestPluginCache: Using directories for assembly resolution 'C:\Program Files\dotnet\sdk\7.0.403\Extensions'.
TpTrace Verbose: 0 : 18000, 1, 2023/11/09, 11:00:40.698, 1785157721653, datacollector.dll, TestPluginCache: Updated the available extensions to 'C:\Program Files\dotnet\sdk\7.0.403\Extensions\Microsoft.TestPlatform.Extensions.BlameDataCollector.dll,C:\Program Files\dotnet\sdk\7.0.403\Extensions\Microsoft.TestPlatform.Extensions.EventLogCollector.dll'.
TpTrace Verbose: 0 : 18000, 1, 2023/11/09, 11:00:40.703, 1785157775708, datacollector.dll, TestPluginCache.DiscoverTestExtensions: finding test extensions in assemblies ends with: Collector.dll TPluginInfo: Microsoft.VisualStudio.TestPlatform.Common.DataCollector.DataCollectorConfig TExtension: Microsoft.VisualStudio.TestPlatform.ObjectModel.DataCollection.DataCollector
TpTrace Verbose: 0 : 18000, 1, 2023/11/09, 11:00:40.704, 1785157785373, datacollector.dll, TestPluginCache.GetExtensionPaths: Filtered extension paths: C:\Program Files\dotnet\sdk\7.0.403\Extensions\Microsoft.TestPlatform.Extensions.BlameDataCollector.dll
C:\Program Files\dotnet\sdk\7.0.403\Extensions\Microsoft.TestPlatform.Extensions.EventLogCollector.dll
TpTrace Verbose: 0 : 18000, 1, 2023/11/09, 11:00:40.704, 1785157785851, datacollector.dll, TestPluginCache.GetExtensionPaths: Added default extension paths: 
TpTrace Verbose: 0 : 18000, 1, 2023/11/09, 11:00:40.704, 1785157786055, datacollector.dll, TestPluginCache.GetExtensionPaths: Added unfilterableExtensionPaths: 
TpTrace Information: 0 : 18000, 1, 2023/11/09, 11:00:40.705, 1785157791188, datacollector.dll, AssemblyResolver.ctor: Creating AssemblyResolver with searchDirectories C:\Program Files\dotnet\sdk\7.0.403\Extensions,C:\Program Files\dotnet\sdk\7.0.403
TpTrace Verbose: 0 : 18000, 1, 2023/11/09, 11:00:40.706, 1785157803454, datacollector.dll, TestPluginCache.DiscoverTestExtensions: Discovering the extensions using extension path.
TpTrace Verbose: 0 : 18000, 1, 2023/11/09, 11:00:40.706, 1785157804704, datacollector.dll, TestPluginCache.GetExtensionPaths: Filtered extension paths: C:\Program Files\dotnet\sdk\7.0.403\Extensions\Microsoft.TestPlatform.Extensions.BlameDataCollector.dll
C:\Program Files\dotnet\sdk\7.0.403\Extensions\Microsoft.TestPlatform.Extensions.EventLogCollector.dll
TpTrace Verbose: 0 : 18000, 1, 2023/11/09, 11:00:40.706, 1785157805009, datacollector.dll, TestPluginCache.GetExtensionPaths: Added default extension paths: 
TpTrace Verbose: 0 : 18000, 1, 2023/11/09, 11:00:40.706, 1785157805196, datacollector.dll, TestPluginCache.GetExtensionPaths: Added unfilterableExtensionPaths: 
TpTrace Verbose: 0 : 18000, 1, 2023/11/09, 11:00:40.706, 1785157805577, datacollector.dll, TestPluginCache.DiscoverTestExtensions: Discovering the extensions using allExtensionPaths: C:\Program Files\dotnet\sdk\7.0.403\Extensions\Microsoft.TestPlatform.Extensions.BlameDataCollector.dll
C:\Program Files\dotnet\sdk\7.0.403\Extensions\Microsoft.TestPlatform.Extensions.EventLogCollector.dll
TpTrace Information: 0 : 18000, 1, 2023/11/09, 11:00:40.707, 1785157807023, datacollector.dll, AssemblyResolver.AddSearchDirectories: Adding more searchDirectories C:\Program Files\dotnet\sdk\7.0.403\Extensions,C:\Program Files\dotnet\sdk\7.0.403
TpTrace Information: 0 : 18000, 1, 2023/11/09, 11:00:40.707, 1785157807830, datacollector.dll, AssemblyResolver.AddSearchDirectories: Adding more searchDirectories C:\Program Files\dotnet\sdk\7.0.403\Extensions,C:\Program Files\dotnet\sdk\7.0.403
TpTrace Information: 0 : 18000, 1, 2023/11/09, 11:00:40.707, 1785157811638, datacollector.dll, AssemblyResolver.OnResolve: Microsoft.TestPlatform.Extensions.BlameDataCollector: Resolving assembly.
TpTrace Information: 0 : 18000, 1, 2023/11/09, 11:00:40.707, 1785157812195, datacollector.dll, AssemblyResolver.OnResolve: Microsoft.TestPlatform.Extensions.BlameDataCollector: Searching in: 'C:\Program Files\dotnet\sdk\7.0.403\Extensions'.
TpTrace Information: 0 : 18000, 1, 2023/11/09, 11:00:40.715, 1785157889661, datacollector.dll, AssemblyResolver.OnResolve: Microsoft.TestPlatform.Extensions.BlameDataCollector: Loading assembly 'C:\Program Files\dotnet\sdk\7.0.403\Extensions\Microsoft.TestPlatform.Extensions.BlameDataCollector.dll'.
TpTrace Information: 0 : 18000, 1, 2023/11/09, 11:00:40.716, 1785157896640, datacollector.dll, AssemblyResolver.OnResolve: Resolved assembly: Microsoft.TestPlatform.Extensions.BlameDataCollector, from path: C:\Program Files\dotnet\sdk\7.0.403\Extensions\Microsoft.TestPlatform.Extensions.BlameDataCollector.dll
TpTrace Verbose: 0 : 18000, 1, 2023/11/09, 11:00:40.716, 1785157903840, datacollector.dll, MetadataReaderExtensionsHelper: Discovering extensions inside assembly 'Microsoft.TestPlatform.Extensions.BlameDataCollector, Version=15.0.0.0, Culture=neutral, PublicKeyToken=b03f5f7f11d50a3a' file path 'C:\Program Files\dotnet\sdk\7.0.403\Extensions\Microsoft.TestPlatform.Extensions.BlameDataCollector.dll'
TpTrace Error: 0 : 18000, 1, 2023/11/09, 11:00:40.719, 1785157928349, datacollector.dll, The type "Microsoft.TestPlatform.Extensions.BlameDataCollector.BlameCollector" defined in "Microsoft.TestPlatform.Extensions.BlameDataCollector.dll" does not have ExtensionUri attribute.
TpTrace Information: 0 : 18000, 1, 2023/11/09, 11:00:40.719, 1785157934785, datacollector.dll, GetTestExtensionFromType: Register extension with identifier data 'datacollector://microsoft/TestPlatform/Extensions/Blame/v1' and type 'Microsoft.TestPlatform.Extensions.BlameDataCollector.BlameCollector, Microsoft.TestPlatform.Extensions.BlameDataCollector, Version=15.0.0.0, Culture=neutral, PublicKeyToken=b03f5f7f11d50a3a' inside file 'C:\Program Files\dotnet\sdk\7.0.403\Extensions\Microsoft.TestPlatform.Extensions.BlameDataCollector.dll'
TpTrace Information: 0 : 18000, 1, 2023/11/09, 11:00:40.719, 1785157935553, datacollector.dll, AssemblyResolver.OnResolve: Microsoft.TestPlatform.Extensions.EventLogCollector: Resolving assembly.
TpTrace Information: 0 : 18000, 1, 2023/11/09, 11:00:40.719, 1785157935850, datacollector.dll, AssemblyResolver.OnResolve: Microsoft.TestPlatform.Extensions.EventLogCollector: Searching in: 'C:\Program Files\dotnet\sdk\7.0.403\Extensions'.
TpTrace Information: 0 : 18000, 1, 2023/11/09, 11:00:40.720, 1785157942586, datacollector.dll, AssemblyResolver.OnResolve: Microsoft.TestPlatform.Extensions.EventLogCollector: Loading assembly 'C:\Program Files\dotnet\sdk\7.0.403\Extensions\Microsoft.TestPlatform.Extensions.EventLogCollector.dll'.
TpTrace Information: 0 : 18000, 1, 2023/11/09, 11:00:40.721, 1785157947747, datacollector.dll, AssemblyResolver.OnResolve: Resolved assembly: Microsoft.TestPlatform.Extensions.EventLogCollector, from path: C:\Program Files\dotnet\sdk\7.0.403\Extensions\Microsoft.TestPlatform.Extensions.EventLogCollector.dll
TpTrace Verbose: 0 : 18000, 1, 2023/11/09, 11:00:40.721, 1785157948281, datacollector.dll, MetadataReaderExtensionsHelper: Discovering extensions inside assembly 'Microsoft.TestPlatform.Extensions.EventLogCollector, Version=15.0.0.0, Culture=neutral, PublicKeyToken=b03f5f7f11d50a3a' file path 'C:\Program Files\dotnet\sdk\7.0.403\Extensions\Microsoft.TestPlatform.Extensions.EventLogCollector.dll'
TpTrace Error: 0 : 18000, 1, 2023/11/09, 11:00:40.723, 1785157973052, datacollector.dll, The type "Microsoft.TestPlatform.Extensions.EventLogCollector.EventLogDataCollector" defined in "Microsoft.TestPlatform.Extensions.EventLogCollector.dll" does not have ExtensionUri attribute.
TpTrace Information: 0 : 18000, 1, 2023/11/09, 11:00:40.723, 1785157974250, datacollector.dll, GetTestExtensionFromType: Register extension with identifier data 'datacollector://microsoft/EventLog/2.0' and type 'Microsoft.TestPlatform.Extensions.EventLogCollector.EventLogDataCollector, Microsoft.TestPlatform.Extensions.EventLogCollector, Version=15.0.0.0, Culture=neutral, PublicKeyToken=b03f5f7f11d50a3a' inside file 'C:\Program Files\dotnet\sdk\7.0.403\Extensions\Microsoft.TestPlatform.Extensions.EventLogCollector.dll'
TpTrace Verbose: 0 : 18000, 1, 2023/11/09, 11:00:40.724, 1785157976908, datacollector.dll, TestPluginCache: Discovered the extensions using extension path 'C:\Program Files\dotnet\sdk\7.0.403\Extensions\Microsoft.TestPlatform.Extensions.BlameDataCollector.dll,C:\Program Files\dotnet\sdk\7.0.403\Extensions\Microsoft.TestPlatform.Extensions.EventLogCollector.dll'.
TpTrace Verbose: 0 : 18000, 1, 2023/11/09, 11:00:40.724, 1785157977295, datacollector.dll, TestPluginCache: Discoverers are ''.
TpTrace Verbose: 0 : 18000, 1, 2023/11/09, 11:00:40.724, 1785157977479, datacollector.dll, TestPluginCache: Executors are ''.
TpTrace Verbose: 0 : 18000, 1, 2023/11/09, 11:00:40.724, 1785157977640, datacollector.dll, TestPluginCache: Executors2 are ''.
TpTrace Verbose: 0 : 18000, 1, 2023/11/09, 11:00:40.724, 1785157977823, datacollector.dll, TestPluginCache: Setting providers are ''.
TpTrace Verbose: 0 : 18000, 1, 2023/11/09, 11:00:40.724, 1785157978004, datacollector.dll, TestPluginCache: Loggers are ''.
TpTrace Verbose: 0 : 18000, 1, 2023/11/09, 11:00:40.724, 1785157978192, datacollector.dll, TestPluginCache: TestHosts are ''.
TpTrace Verbose: 0 : 18000, 1, 2023/11/09, 11:00:40.724, 1785157979771, datacollector.dll, TestPluginCache: DataCollectors are 'datacollector://microsoft/TestPlatform/Extensions/Blame/v1,datacollector://microsoft/EventLog/2.0'.
TpTrace Information: 0 : 18000, 1, 2023/11/09, 11:00:40.725, 1785157993745, datacollector.dll, TestPluginManager.CreateTestExtension: Attempting to load test extension: Microsoft.TestPlatform.Extensions.BlameDataCollector.BlameCollector
TpTrace Information: 0 : 18000, 1, 2023/11/09, 11:00:40.729, 1785158036463, datacollector.dll, [MonitorPostmortemDump]Monitor enabled: 'False'
TpTrace Verbose: 0 : 18000, 1, 2023/11/09, 11:00:40.730, 1785158044232, datacollector.dll, MulticastDelegateUtilities.SafeInvoke: DataCollectionEvents.SessionStart: Invoking callbacks was skipped because there are no subscribers.
TpTrace Information: 0 : 18000, 1, 2023/11/09, 11:00:40.731, 1785158047147, datacollector.dll, Listening on Endpoint : 127.0.0.1:62197
TpTrace Information: 0 : 18000, 1, 2023/11/09, 11:00:40.737, 1785158114892, datacollector.dll, DataCollectionRequestHandler.ProcessRequests : DataCollection started.
TpTrace Information: 0 : 18000, 1, 2023/11/09, 11:00:40.749, 1785158235262, datacollector.dll, DataCollectionRequestHandler.ProcessRequests: Datacollector received message: (DataCollection.TestHostLaunched) -> {"MessageType":"DataCollection.TestHostLaunched","Payload":{"ProcessId":9368}}
TpTrace Verbose: 0 : 18000, 1, 2023/11/09, 11:00:40.751, 1785158250697, datacollector.dll, MulticastDelegateUtilities.SafeInvoke: DataCollectionEvents.TestHostLaunched: Invoking callback 1/1 for Microsoft.TestPlatform.Extensions.BlameDataCollector.BlameCollector., took 0 ms.
TpTrace Information: 0 : 18000, 8, 2023/11/09, 11:00:40.871, 1785159455400, datacollector.dll, Using the buffer size of 16384 bytes
TpTrace Information: 0 : 18000, 8, 2023/11/09, 11:00:40.871, 1785159456104, datacollector.dll, Accepted Client request and set the flag
TpTrace Verbose: 0 : 18000, 6, 2023/11/09, 11:00:40.871, 1785159455469, datacollector.dll, SocketCommunicationManager.WaitForClientConnection took: 137 ms, with 90000 ms timeout, and finished with True.
TpTrace Information: 0 : 18000, 6, 2023/11/09, 11:00:41.512, 1785165861634, datacollector.dll, DataCollectionTestCaseEventHandler: Test case starting.
TpTrace Information: 0 : 18000, 6, 2023/11/09, 11:00:41.521, 1785165946822, datacollector.dll, BlameCollector.EventsTestCaseStart: Test Case Start
TpTrace Verbose: 0 : 18000, 6, 2023/11/09, 11:00:41.521, 1785165948579, datacollector.dll, MulticastDelegateUtilities.SafeInvoke: DataCollectionEvents.TestCaseStart: Invoking callback 1/1 for Microsoft.TestPlatform.Extensions.BlameDataCollector.BlameCollector., took 0 ms.
TpTrace Information: 0 : 18000, 6, 2023/11/09, 11:00:41.521, 1785165950600, datacollector.dll, DataCollectionTestCaseEventHandler: Test case 'Assignment5Test.UnitTest1.ConsoleReaderTestForJunk - 1ca4a6a3-f87e-57ef-f493-b112299a2bfc' started.
TpTrace Information: 0 : 18000, 6, 2023/11/09, 11:00:41.525, 1785165990011, datacollector.dll, DataCollectionTestCaseEventHandler: Test case completing.
TpTrace Information: 0 : 18000, 6, 2023/11/09, 11:00:41.528, 1785166018816, datacollector.dll, BlameCollector.EventsTestCaseEnd: Test Case End
TpTrace Verbose: 0 : 18000, 6, 2023/11/09, 11:00:41.528, 1785166020929, datacollector.dll, MulticastDelegateUtilities.SafeInvoke: DataCollectionEvents.TestCaseEnd: Invoking callback 1/1 for Microsoft.TestPlatform.Extensions.BlameDataCollector.BlameCollector., took 0 ms.
TpTrace Information: 0 : 18000, 6, 2023/11/09, 11:00:41.530, 1785166040692, datacollector.dll, DataCollectionTestCaseEventHandler: Test case 'Assignment5Test.UnitTest1.ConsoleReaderTestForJunk - 1ca4a6a3-f87e-57ef-f493-b112299a2bfc' completed
TpTrace Information: 0 : 18000, 6, 2023/11/09, 11:00:41.537, 1785166107742, datacollector.dll, DataCollectionTestCaseEventHandler: Test case starting.
TpTrace Information: 0 : 18000, 6, 2023/11/09, 11:00:41.537, 1785166115117, datacollector.dll, BlameCollector.EventsTestCaseStart: Test Case Start
TpTrace Verbose: 0 : 18000, 6, 2023/11/09, 11:00:41.537, 1785166115856, datacollector.dll, MulticastDelegateUtilities.SafeInvoke: DataCollectionEvents.TestCaseStart: Invoking callback 1/1 for Microsoft.TestPlatform.Extensions.BlameDataCollector.BlameCollector., took 0 ms.
TpTrace Information: 0 : 18000, 6, 2023/11/09, 11:00:41.538, 1785166118178, datacollector.dll, DataCollectionTestCaseEventHandler: Test case 'Assignment5Test.UnitTest1.ConsoleReaderTestForWord - 6a01d610-383b-0c40-4df0-c194bb85d475' started.
TpTrace Information: 0 : 18000, 6, 2023/11/09, 11:00:41.538, 1785166122503, datacollector.dll, DataCollectionTestCaseEventHandler: Test case completing.
TpTrace Information: 0 : 18000, 6, 2023/11/09, 11:00:41.539, 1785166127837, datacollector.dll, BlameCollector.EventsTestCaseEnd: Test Case End
TpTrace Verbose: 0 : 18000, 6, 2023/11/09, 11:00:41.539, 1785166128275, datacollector.dll, MulticastDelegateUtilities.SafeInvoke: DataCollectionEvents.TestCaseEnd: Invoking callback 1/1 for Microsoft.TestPlatform.Extensions.BlameDataCollector.BlameCollector., took 0 ms.
TpTrace Information: 0 : 18000, 6, 2023/11/09, 11:00:41.539, 1785166129591, datacollector.dll, DataCollectionTestCaseEventHandler: Test case 'Assignment5Test.UnitTest1.ConsoleReaderTestForWord - 6a01d610-383b-0c40-4df0-c194bb85d475' completed
TpTrace Information: 0 : 18000, 6, 2023/11/09, 11:00:41.539, 1785166134119, datacollector.dll, DataCollectionTestCaseEventHandler: Test case starting.
TpTrace Information: 0 : 18000, 6, 2023/11/09, 11:00:41.540, 1785166136677, datacollector.dll, BlameCollector.EventsTestCaseStart: Test Case Start
TpTrace Verbose: 0 : 18000, 6, 2023/11/09, 11:00:41.540, 1785166137035, datacollector.dll, MulticastDelegateUtilities.SafeInvoke: DataCollectionEvents.TestCaseStart: Invoking callback 1/1 for Microsoft.TestPlatform.Extensions.BlameDataCollector.BlameCollector., took 0 ms.
TpTrace Information: 0 : 18000, 6, 2023/11/09, 11:00:41.540, 1785166137596, datacollector.dll, DataCollectionTestCaseEventHandler: Test case 'Assignment5Test.UnitTest1.ConsoleReaderTestForNumber - ee5d0ef8-2dbb-81ca-2961-09037621ec40' started.
TpTrace Information: 0 : 18000, 6, 2023/11/09, 11:00:41.540, 1785166140731, datacollector.dll, DataCollectionTestCaseEventHandler: Test case completing.
TpTrace Information: 0 : 18000, 6, 2023/11/09, 11:00:41.540, 1785166143481, datacollector.dll, BlameCollector.EventsTestCaseEnd: Test Case End
TpTrace Verbose: 0 : 18000, 6, 2023/11/09, 11:00:41.540, 1785166143833, datacollector.dll, MulticastDelegateUtilities.SafeInvoke: DataCollectionEvents.TestCaseEnd: Invoking callback 1/1 for Microsoft.TestPlatform.Extensions.BlameDataCollector.BlameCollector., took 0 ms.
TpTrace Information: 0 : 18000, 6, 2023/11/09, 11:00:41.540, 1785166144487, datacollector.dll, DataCollectionTestCaseEventHandler: Test case 'Assignment5Test.UnitTest1.ConsoleReaderTestForNumber - ee5d0ef8-2dbb-81ca-2961-09037621ec40' completed
TpTrace Information: 0 : 18000, 6, 2023/11/09, 11:00:41.545, 1785166194274, datacollector.dll, DataCollectionTestCaseEventHandler: Test session ended
TpTrace Information: 0 : 18000, 1, 2023/11/09, 11:00:41.596, 1785166699478, datacollector.dll, DataCollectionRequestHandler.ProcessRequests: Datacollector received message: (DataCollection.AfterTestRunEnd) -> {"MessageType":"DataCollection.AfterTestRunEnd","Payload":false}
TpTrace Information: 0 : 18000, 1, 2023/11/09, 11:00:41.597, 1785166710156, datacollector.dll, Blame Collector: Session End
TpTrace Information: 0 : 18000, 1, 2023/11/09, 11:00:41.597, 1785166711029, datacollector.dll, BlameCollector.CollectDumpAndAbortTesthost: Custom path to dump directory was provided via VSTEST_DUMP_PATH. Skipping attachment upload, the caller is responsible for collecting and uploading the dumps themselves.
TpTrace Verbose: 0 : 18000, 1, 2023/11/09, 11:00:41.597, 1785166711963, datacollector.dll, MulticastDelegateUtilities.SafeInvoke: DataCollectionEvents.SessionEnd: Invoking callback 1/1 for Microsoft.TestPlatform.Extensions.BlameDataCollector.BlameCollector., took 0 ms.
TpTrace Information: 0 : 18000, 1, 2023/11/09, 11:00:41.598, 1785166721540, datacollector.dll, DataCollectionManager.CleanupPlugins: CleanupPlugins called
TpTrace Verbose: 0 : 18000, 1, 2023/11/09, 11:00:41.598, 1785166722505, datacollector.dll, DataCollectionManager.CleanupPlugins: Cleaning up 1 plugins
TpTrace Verbose: 0 : 18000, 1, 2023/11/09, 11:00:41.598, 1785166725669, datacollector.dll, dataCollectorInfo.DisposeDataCollector: calling Dispose() on Microsoft.TestPlatform.Extensions.BlameDataCollector.BlameCollector
TpTrace Information: 0 : 18000, 1, 2023/11/09, 11:00:41.598, 1785166726450, datacollector.dll, DataCollectionManager.CleanupPlugins: CleanupPlugins finished
TpTrace Information: 0 : 18000, 1, 2023/11/09, 11:00:41.604, 1785166783366, datacollector.dll, DataCollectionRequestHandler.ProcessRequests : Session End message received from server. Closing the connection.
TpTrace Information: 0 : 18000, 1, 2023/11/09, 11:00:41.604, 1785166785707, datacollector.dll, Closing the connection !
TpTrace Information: 0 : 18000, 1, 2023/11/09, 11:00:41.604, 1785166786085, datacollector.dll, DataCollectionRequestHandler.ProcessRequests : DataCollection completed
TpTrace Information: 0 : 18000, 1, 2023/11/09, 11:00:41.604, 1785166786290, datacollector.dll, Program.Main: exiting datacollector process.
